# INCIDENT: DB connection pool exhaustion
# DATE: 2024-01-10
# SEVERITY: HIGH
# AFFECTED SERVICES: database-service, payment-service, api-gateway
# ROOT CAUSE: Connection pool limit reached due to connection leak
#             in payment-service retry logic
# RESOLUTION: Increased DB connection pool size from 100 to 300.
#             Added connection_timeout=30s and idle_timeout=600s.
#             Fixed retry logic in payment-service to release
#             connections properly after each attempt.
# STATUS: RESOLVED
2024-01-10T08:00:01Z [INFO]  [database-service]  Connection pool initialized: 100 connections
2024-01-10T08:02:15Z [INFO]  [payment-service]   Payment engine initialized
2024-01-10T08:03:10Z [INFO]  [api-gateway]       Routing paths updated
2024-01-10T08:05:00Z [INFO]  [database-service]  Health check: OK
2024-01-10T08:12:34Z [WARN]  [database-service]  Connection pool at 70% capacity (70/100)
2024-01-10T08:15:20Z [WARN]  [payment-service]   Slow DB query detected: 450ms
2024-01-10T08:16:05Z [INFO]  [api-gateway]       forwarding request to payment-service
2024-01-10T08:17:10Z [WARN]  [payment-service]   Slow DB query detected: 620ms
2024-01-10T08:18:00Z [WARN]  [database-service]  Connection pool at 90% capacity (90/100)
2024-01-10T08:19:15Z [ERROR] [payment-service]   Transaction execution timeout
2024-01-10T08:19:16Z [INFO]  [payment-service]   Initiating retry 1 for failed transaction
2024-01-10T08:19:30Z [WARN]  [database-service]  Connection pool at 95% capacity (95/100)
2024-01-10T08:19:40Z [ERROR] [payment-service]   Transaction retry 1 failed
2024-01-10T08:19:41Z [INFO]  [payment-service]   Initiating retry 2 for failed transaction
2024-01-10T08:19:45Z [ERROR] [payment-service]   Failed to acquire DB connection after 3 retries
2024-01-10T08:20:00Z [ERROR] [database-service]  Connection pool at 100% capacity (100/100)
2024-01-10T08:20:01Z [WARN]  [database-service]  Rejecting new connections, pool exhausted
2024-01-10T08:21:15Z [WARN]  [payment-service]   Warning: Connection leak suspected in retry handler
2024-01-10T08:22:30Z [ERROR] [payment-service]   Failed to acquire DB connection after 3 retries
[CRITICAL] 08:24:12 payment-svc multiple retries stacking up without releasing tx
2024-01-10T08:25:00Z [WARN]  [api-gateway]       upstream payment-service slow response
2024-01-10T08:26:15Z [ERROR] [payment-service]   Database host unreachable - no connections available
2024-01-10T08:27:00Z [ERROR] [api-gateway]       payment-service response time: 3050ms
2024-01-10T08:28:10Z [ERROR] [api-gateway]       returning 503 to clients
2024-01-10T08:30:00Z [ERROR] [database-service]  Refusing connection from payment-service: Max capacity
CRIT 08:31:05 database-service FATAL: sorry, too many clients already
2024-01-10T08:32:15Z [ERROR] [payment-service]   transaction rollback — db unavailable
2024-01-10T08:33:00Z [ERROR] [api-gateway]       payment-service returned 500
2024-01-10T08:35:10Z [ERROR] [api-gateway]       returning HTTP 503 to client
[WARNING] 08:37:00 SRE intervention started, updating deployments
2024-01-10T08:40:00Z [INFO]  [database-service]  Configuration updated by admin
2024-01-10T08:40:15Z [INFO]  [database-service]  Restarting with new connection pool limit: 300
2024-01-10T08:41:00Z [INFO]  [database-service]  Connection pool initialized: 300 connections
2024-01-10T08:41:30Z [INFO]  [payment-service]   Successfully reconnected to database
2024-01-10T08:42:00Z [INFO]  [payment-service]   Processing queued transactions (depth: 420)
2024-01-10T08:43:15Z [INFO]  [database-service]  Connection pool at 45% capacity (135/300)
2024-01-10T08:44:00Z [INFO]  [api-gateway]       payment-service response time: 140ms
2024-01-10T08:44:30Z [INFO]  [api-gateway]       returning 200 to clients
2024-01-10T08:45:00Z [INFO]  [database-service]  Health check: OK
